ARM GAS  ARM-ABI.s 			page 1


 GNU assembler version 2.31.1 (arm-linux-gnueabihf)
	 using BFD version (GNU Binutils for Raspbian) 2.31.1.
 options passed	: -g -agls 
 input file    	: ARM-ABI.s
 output file   	: ABI-example.o
 target        	: arm-unknown-linux-gnueabihf
 time stamp    	: 2022-10-28T19:06:10.000+0100

ARM GAS  ARM-ABI.s 			page 2


   1              			.list
   2              			.equ	sys_exit, 1
   3              			.equ	sys_write, 4
   4              	
   5              			.global	_start
   6              			.text
   7              	_start:
   8 0000 0100A0E3 			mov	r0, #1		/* select standard output */
   9 0004 30109FE5 			ldr	r1, =MESG	/* message's address */
  10 0008 1920A0E3 			mov	r2, #MESGLEN	/* message's length */
  11 000c 0470A0E3 			mov	r7, #sys_write
  12 0010 000000EF 			swi	#0		/* display message */
  13              	
  14 0014 0000A0E3 			mov	r0, #0		/* exit code 0 */
  15 0018 0170A0E3 			mov	r7, #sys_exit
  16 001c 000000EF 			swi	#0		/* exit program */
  17 0020 41524D20 	MESG:		.ascii	"ARM (32-bit) ABI example\n"
  17      2833322D 
  17      62697429 
  17      20414249 
  17      20657861 
  18              			.equ	MESGLEN, .-MESG
  19 0039 00000020 			.end
  19      000000
ARM GAS  ARM-ABI.s 			page 3


DEFINED SYMBOLS
           ARM-ABI.s:2      *ABS*:00000001 sys_exit
           ARM-ABI.s:3      *ABS*:00000004 sys_write
           ARM-ABI.s:7      .text:00000000 _start
           ARM-ABI.s:8      .text:00000000 $a
           ARM-ABI.s:17     .text:00000020 MESG
                            *ABS*:00000019 MESGLEN
           ARM-ABI.s:17     .text:00000020 $d
           ARM-ABI.s:19     .text:0000003c $d

NO UNDEFINED SYMBOLS
