AARCH64 GAS  ARM-ABI.s 			page 1


 GNU assembler version 2.35.2 (aarch64-linux-gnu)
	 using BFD version (GNU Binutils for Debian) 2.35.2.
 options passed	: -g -agls 
 input file    	: ARM-ABI.s
 output file   	: ABI-example.o
 target        	: aarch64-unknown-linux-gnu
 time stamp    	: 2022-10-27T18:52:20.000+0100

AARCH64 GAS  ARM-ABI.s 			page 2


   1              			.list
   2              			.equ	sys_exit, 93
   3              			.equ	sys_write, 64
   4              	
   5              			.global	_start
   6              			.text
   7              	_start:
   8 0000 200080D2 			mov	x0, 1		/* select standard output */
   9 0004 A1010058 			ldr	x1, =MESG	/* message's address */
  10 0008 420280D2 			mov	x2, MESGLEN	/* message's length */
  11 000c 08088052 			mov	w8, sys_write
  12 0010 010000D4 			svc	#0		/* display message */
  13              	
  14 0014 000080D2 			mov	x0, 0		/* clear x0 and x1 */	
  15 0018 010080D2 			mov	x1, 0
  16 001c A80B8052 			mov	w8, sys_exit
  17 0020 010000D4 			svc	#0		/* end program */
  18              	
  19 0024 41524D36 	MESG:		.ascii	"ARM64 ABI example\n"
  19      34204142 
  19      49206578 
  19      616D706C 
  19      650A
  20              			.equ	MESGLEN, .-MESG
  21 0036 00000000 			.end
  21      00000000 
  21      0000
AARCH64 GAS  ARM-ABI.s 			page 3


DEFINED SYMBOLS
           ARM-ABI.s:2      *ABS*:000000000000005d sys_exit
           ARM-ABI.s:3      *ABS*:0000000000000040 sys_write
           ARM-ABI.s:7      .text:0000000000000000 _start
           ARM-ABI.s:8      .text:0000000000000000 $x
           ARM-ABI.s:19     .text:0000000000000024 MESG
                            *ABS*:0000000000000012 MESGLEN
           ARM-ABI.s:19     .text:0000000000000024 $d
           ARM-ABI.s:21     .text:0000000000000036 $x
           ARM-ABI.s:21     .text:0000000000000038 $d

NO UNDEFINED SYMBOLS
